<?xml version="1.0" encoding="UTF-8"?>
<!-- Generated by org.testng.reporters.JUnitReportReporter -->
<testsuite hostname="Gopis-MacBook-Air.local" name="ios.auto.AutoiOS" tests="1" failures="0" timestamp="5 Dec 2017 05:35:20 GMT" time="97.276" errors="0">
  <testcase name="Login" time="97.276" classname="ios.auto.AutoiOS"/>
</testsuite> <!-- ios.auto.AutoiOS -->
