<?xml version="1.0" encoding="UTF-8"?>
<!-- Generated by org.testng.reporters.JUnitReportReporter -->
<testsuite hostname="Gopis-MacBook-Air.local" name="ios.auto.TouchActions" tests="7" failures="0" timestamp="14 Dec 2017 16:47:39 GMT" time="176.147" errors="0">
  <testcase name="DatePicker" time="27.683" classname="ios.auto.TouchActions"/>
  <testcase name="SwipeSlider" time="21.813" classname="ios.auto.TouchActions"/>
  <testcase name="ScrollWithElement" time="29.586" classname="ios.auto.TouchActions"/>
  <testcase name="ScrollWithoutElement" time="32.207" classname="ios.auto.TouchActions"/>
  <testcase name="TapWithElement" time="24.997" classname="ios.auto.TouchActions"/>
  <testcase name="LongPressWithCoords" time="16.928" classname="ios.auto.TouchActions"/>
  <testcase name="LongPressWithElement" time="22.933" classname="ios.auto.TouchActions"/>
</testsuite> <!-- ios.auto.TouchActions -->
